0 info it worked if it ends with ok
1 verbose cli [ '/Users/michaltakac/.nvm/versions/node/v6.1.0/bin/node',
1 verbose cli   '/Users/michaltakac/.nvm/versions/node/v6.1.0/bin/npm',
1 verbose cli   'run',
1 verbose cli   'deploy' ]
2 info using npm@3.9.6
3 info using node@v6.1.0
4 verbose run-script [ 'predeploy', 'deploy', 'postdeploy' ]
5 info lifecycle aframe-hello-world-boilerplate@0.3.0~predeploy: aframe-hello-world-boilerplate@0.3.0
6 silly lifecycle aframe-hello-world-boilerplate@0.3.0~predeploy: no script for predeploy, continuing
7 info lifecycle aframe-hello-world-boilerplate@0.3.0~deploy: aframe-hello-world-boilerplate@0.3.0
8 verbose lifecycle aframe-hello-world-boilerplate@0.3.0~deploy: unsafe-perm in lifecycle true
9 verbose lifecycle aframe-hello-world-boilerplate@0.3.0~deploy: PATH: /Users/michaltakac/.nvm/versions/node/v6.1.0/lib/node_modules/npm/bin/node-gyp-bin:/Users/michaltakac/Projects/dimensionlab/vizualizacky/paseo-360/node_modules/.bin:/Users/michaltakac/.nvm/versions/node/v6.1.0/bin:/opt/local/bin:/opt/local/sbin:/Users/michaltakac/.rvm/gems/ruby-2.3.0/bin:/Users/michaltakac/.rvm/gems/ruby-2.3.0@global/bin:/Users/michaltakac/.rvm/rubies/ruby-2.3.0/bin:/usr/local/sbin:/Users/michaltakac/.nvm/versions/node/v6.1.0/bin:/usr/local/bin:/usr/bin:/bin:/usr/sbin:/sbin:/usr/local/go/bin:/opt/ImageMagick/bin:/Users/michaltakac/.nvm/versions/node/v5.9.0/bin/eslint:/Users/michaltakac/.rvm/bin
10 verbose lifecycle aframe-hello-world-boilerplate@0.3.0~deploy: CWD: /Users/michaltakac/Projects/dimensionlab/vizualizacky/paseo-360
11 silly lifecycle aframe-hello-world-boilerplate@0.3.0~deploy: Args: [ '-c', 'ghpages' ]
12 silly lifecycle aframe-hello-world-boilerplate@0.3.0~deploy: Returned: code: 1  signal: null
13 info lifecycle aframe-hello-world-boilerplate@0.3.0~deploy: Failed to exec deploy script
14 verbose stack Error: aframe-hello-world-boilerplate@0.3.0 deploy: `ghpages`
14 verbose stack Exit status 1
14 verbose stack     at EventEmitter.<anonymous> (/Users/michaltakac/.nvm/versions/node/v6.1.0/lib/node_modules/npm/lib/utils/lifecycle.js:245:16)
14 verbose stack     at emitTwo (events.js:106:13)
14 verbose stack     at EventEmitter.emit (events.js:191:7)
14 verbose stack     at ChildProcess.<anonymous> (/Users/michaltakac/.nvm/versions/node/v6.1.0/lib/node_modules/npm/lib/utils/spawn.js:24:14)
14 verbose stack     at emitTwo (events.js:106:13)
14 verbose stack     at ChildProcess.emit (events.js:191:7)
14 verbose stack     at maybeClose (internal/child_process.js:850:16)
14 verbose stack     at Process.ChildProcess._handle.onexit (internal/child_process.js:215:5)
15 verbose pkgid aframe-hello-world-boilerplate@0.3.0
16 verbose cwd /Users/michaltakac/Projects/dimensionlab/vizualizacky/paseo-360
17 error Darwin 15.6.0
18 error argv "/Users/michaltakac/.nvm/versions/node/v6.1.0/bin/node" "/Users/michaltakac/.nvm/versions/node/v6.1.0/bin/npm" "run" "deploy"
19 error node v6.1.0
20 error npm  v3.9.6
21 error code ELIFECYCLE
22 error aframe-hello-world-boilerplate@0.3.0 deploy: `ghpages`
22 error Exit status 1
23 error Failed at the aframe-hello-world-boilerplate@0.3.0 deploy script 'ghpages'.
23 error Make sure you have the latest version of node.js and npm installed.
23 error If you do, this is most likely a problem with the aframe-hello-world-boilerplate package,
23 error not with npm itself.
23 error Tell the author that this fails on your system:
23 error     ghpages
23 error You can get information on how to open an issue for this project with:
23 error     npm bugs aframe-hello-world-boilerplate
23 error Or if that isn't available, you can get their info via:
23 error     npm owner ls aframe-hello-world-boilerplate
23 error There is likely additional logging output above.
24 verbose exit [ 1, true ]
